57
PAINT_LINE 7 51 7 54
PAINT_LINE 3 3 3 7
PAINT_LINE 8 32 8 35
PAINT_LINE 9 51 9 54
PAINT_LINE 5 72 5 78
PAINT_LINE 6 37 6 41
PAINT_SQUARE 8 23 1
PAINT_SQUARE 8 47 1
PAINT_SQUARE 8 61 1
PAINT_LINE 8 2 8 5
PAINT_SQUARE 10 61 1
PAINT_LINE 12 51 12 54
PAINT_LINE 6 70 6 74
PAINT_LINE 6 52 6 56
PAINT_LINE 9 22 9 26
PAINT_LINE 13 52 13 61
PAINT_LINE 5 39 5 46
PAINT_LINE 7 36 7 40
PAINT_LINE 5 53 5 63
PAINT_LINE 12 59 12 63
PAINT_LINE 1 9 1 14
PAINT_LINE 4 2 4 5
PAINT_LINE 9 3 9 7
PAINT_LINE 8 36 8 39
PAINT_LINE 3 15 3 17
PAINT_LINE 7 17 7 21
PAINT_LINE 8 69 8 76
PAINT_LINE 6 76 6 80
PAINT_LINE 9 37 9 40
PAINT_LINE 6 23 6 27
PAINT_LINE 10 52 10 63
PAINT_LINE 10 23 10 33
PAINT_LINE 7 31 7 35
PAINT_LINE 7 75 7 81
PAINT_LINE 5 25 5 32
PAINT_LINE 9 15 9 19
PAINT_LINE 10 5 10 18
PAINT_LINE 10 38 10 48
PAINT_LINE 10 71 10 80
PAINT_LINE 14 55 14 58
PAINT_LINE 2 5 2 17
PAINT_LINE 6 44 6 48
PAINT_LINE 6 30 6 34
PAINT_LINE 6 58 6 63
PAINT_LINE 8 51 8 53
PAINT_LINE 9 31 9 34
PAINT_LINE 6 11 6 21
PAINT_SQUARE 6 2 1
PAINT_SQUARE 7 18 1
PAINT_SQUARE 8 70 1
PAINT_LINE 8 72 11 72
PAINT_LINE 9 45 11 45
PAINT_LINE 2 66 11 66
PAINT_LINE 2 67 11 67
PAINT_LINE 2 65 11 65
PAINT_LINE 3 4 6 4
PAINT_LINE 9 78 11 78
