77
PAINT_LINE 5 13 5 16
PAINT_LINE 5 187 5 194
PAINT_LINE 6 187 6 194
PAINT_LINE 7 76 7 82
PAINT_LINE 7 183 7 194
PAINT_LINE 8 75 8 83
PAINT_LINE 8 183 8 186
PAINT_LINE 9 5 9 8
PAINT_LINE 9 16 9 57
PAINT_LINE 10 5 10 8
PAINT_LINE 10 17 10 58
PAINT_LINE 11 5 11 58
PAINT_LINE 11 92 11 94
PAINT_LINE 12 9 12 16
PAINT_LINE 12 21 12 58
PAINT_LINE 12 91 12 95
PAINT_LINE 13 5 13 8
PAINT_LINE 13 11 13 12
PAINT_LINE 13 21 13 57
PAINT_LINE 13 93 13 94
PAINT_LINE 13 174 13 190
PAINT_LINE 14 5 14 8
PAINT_LINE 17 52 17 87
PAINT_LINE 18 51 18 87
PAINT_LINE 19 51 19 87
PAINT_LINE 20 52 20 87
PAINT_LINE 24 63 24 87
PAINT_LINE 25 4 25 63
PAINT_LINE 25 109 25 112
PAINT_LINE 25 173 25 191
PAINT_LINE 26 4 26 63
PAINT_LINE 26 109 26 112
PAINT_LINE 26 173 26 191
PAINT_LINE 27 20 27 63
PAINT_LINE 27 105 27 112
PAINT_LINE 27 173 27 191
PAINT_LINE 28 105 28 112
PAINT_LINE 28 173 28 191
PAINT_LINE 29 169 29 190
PAINT_LINE 30 169 30 172
PAINT_LINE 32 113 32 116
PAINT_LINE 23 10 26 10
PAINT_LINE 14 116 23 116
PAINT_LINE 29 116 32 116
PAINT_LINE 9 149 29 149
PAINT_LINE 29 172 36 172
PAINT_LINE 33 173 34 173
PAINT_SQUARE 7 14 1
PAINT_SQUARE 7 15 1
PAINT_SQUARE 30 114 1
PAINT_SQUARE 32 170 1
PAINT_SQUARE 35 170 1
PAINT_SQUARE 16 175 2
PAINT_SQUARE 16 179 2
PAINT_SQUARE 16 183 2
PAINT_SQUARE 16 188 2
PAINT_SQUARE 24 13 2
PAINT_SQUARE 24 18 2
PAINT_SQUARE 27 125 2
PAINT_SQUARE 27 129 2
PAINT_SQUARE 27 134 2
PAINT_SQUARE 27 139 2
PAINT_SQUARE 28 47 3
PAINT_SQUARE 28 54 3
PAINT_SQUARE 28 60 3
PAINT_SQUARE 25 144 4
PAINT_SQUARE 10 161 5
PAINT_SQUARE 18 69 5
PAINT_SQUARE 18 71 5
PAINT_SQUARE 18 82 5
PAINT_SQUARE 19 101 5
PAINT_SQUARE 19 110 5
PAINT_SQUARE 19 161 5
PAINT_SQUARE 15 123 6
PAINT_SQUARE 15 129 6
PAINT_SQUARE 15 142 6
PAINT_SQUARE 20 32 11